Arguments: 
  /usr/local/Cellar/node/8.4.0/bin/node /Users/tylermcginnis/.yarn/bin/yarn.js upgrade --save

PATH: 
  /Users/tylermcginnis/.yarn/bin:/Users/tylermcginnis/.config/yarn/global/node_modules/.bin:/usr/local/bin:/usr/bin:/bin:/usr/sbin:/sbin:/Users/tylermcginnis/Library/Android/sdk/tools:/Users/tylermcginnis/Library/Android/sdk/platform-tools

Yarn version: 
  1.5.1

Node version: 
  8.4.0

Platform: 
  darwin x64

npm manifest: 
  {
    "name": "github-battle",
    "version": "1.0.0",
    "description": "Project for React Training's fundamental course.",
    "main": "index.js",
    "scripts": {
      "start": "webpack-dev-server --open",
      "build": "NODE_ENV='production' webpack -p",
      "firebase-init": "firebase login && firebase init",
      "deploy": "npm run build && firebase deploy"
    },
    "author": "Tyler McGinnis",
    "license": "MIT",
    "babel": {
      "presets": [
        "env",
        "react"
      ]
    },
    "devDependencies": {
      "babel-core": "^6.24.0",
      "babel-loader": "^6.4.1",
      "babel-preset-env": "^1.2.2",
      "babel-preset-react": "^6.23.0",
      "css-loader": "^0.27.3",
      "firebase-tools": "^3.5.0",
      "html-webpack-plugin": "^2.28.0",
      "style-loader": "^0.16.0",
      "webpack": "^2.3.1",
      "webpack-dev-server": "^2.4.2"
    },
    "dependencies": {
      "axios": "^0.16.0",
      "prop-types": "^15.5.4",
      "react": "^16.0.0-alpha.5",
      "react-dom": "^16.0.0-alpha.5",
      "react-router-dom": "^4.0.0"
    }
  }

yarn manifest: 
  No manifest

Lockfile: 
  No lockfile

Trace: 
  Error: No lockfile in this directory. Run `yarn install` to generate one.
      at new MessageError (/Users/tylermcginnis/.yarn/lib/cli.js:186:110)
      at /Users/tylermcginnis/.yarn/lib/cli.js:89389:13
      at <anonymous>
